2026-07-15T16:29:23+02:00
halle.cli.ito.cit.tum.de
Architecture:                         x86_64
CPU op-mode(s):                       32-bit, 64-bit
Address sizes:                        52 bits physical, 57 bits virtual
Byte Order:                           Little Endian
CPU(s):                               128
On-line CPU(s) list:                  0-127
Vendor ID:                            AuthenticAMD
Model name:                           AMD EPYC 9554P 64-Core Processor
CPU family:                           25
Model:                                17
Thread(s) per core:                   2
Core(s) per socket:                   64
Socket(s):                            1
Stepping:                             1
Frequency boost:                      enabled
CPU(s) scaling MHz:                   83%
CPU max MHz:                          3100.0000
CPU min MHz:                          1500.0000
BogoMIPS:                             6200.01
Flags:                                fpu vme de pse tsc msr pae mce cx8 apic sep mtrr pge mca cmov pat pse36 clflush mmx fxsr sse sse2 ht syscall nx mmxext fxsr_opt pdpe1gb rdtscp lm constant_tsc rep_good amd_lbr_v2 nopl xtopology nonstop_tsc cpuid extd_apicid aperfmperf rapl pni pclmulqdq monitor ssse3 fma cx16 pcid sse4_1 sse4_2 x2apic movbe popcnt aes xsave avx f16c rdrand lahf_lm cmp_legacy svm extapic cr8_legacy abm sse4a misalignsse 3dnowprefetch osvw ibs skinit wdt tce topoext perfctr_core perfctr_nb bpext perfctr_llc mwaitx cpb cat_l3 cdp_l3 hw_pstate ssbd mba perfmon_v2 ibrs ibpb stibp ibrs_enhanced vmmcall fsgsbase bmi1 avx2 smep bmi2 erms invpcid cqm rdt_a avx512f avx512dq rdseed adx smap avx512ifma clflushopt clwb avx512cd sha_ni avx512bw avx512vl xsaveopt xsavec xgetbv1 xsaves cqm_llc cqm_occup_llc cqm_mbm_total cqm_mbm_local user_shstk avx512_bf16 clzero irperf xsaveerptr rdpru wbnoinvd amd_ppin cppc arat npt lbrv svm_lock nrip_save tsc_scale vmcb_clean flushbyasid decodeassists pausefilter pfthreshold avic v_vmsave_vmload vgif x2avic v_spec_ctrl vnmi avx512vbmi umip pku ospke avx512_vbmi2 gfni vaes vpclmulqdq avx512_vnni avx512_bitalg avx512_vpopcntdq la57 rdpid overflow_recov succor smca fsrm flush_l1d debug_swap
Virtualization:                       AMD-V
L1d cache:                            2 MiB (64 instances)
L1i cache:                            2 MiB (64 instances)
L2 cache:                             64 MiB (64 instances)
L3 cache:                             256 MiB (8 instances)
NUMA node(s):                         1
NUMA node0 CPU(s):                    0-127
Vulnerability Gather data sampling:   Not affected
Vulnerability Itlb multihit:          Not affected
Vulnerability L1tf:                   Not affected
Vulnerability Mds:                    Not affected
Vulnerability Meltdown:               Not affected
Vulnerability Mmio stale data:        Not affected
Vulnerability Reg file data sampling: Not affected
Vulnerability Retbleed:               Not affected
Vulnerability Spec rstack overflow:   Mitigation; Safe RET
Vulnerability Spec store bypass:      Mitigation; Speculative Store Bypass disabled via prctl
Vulnerability Spectre v1:             Mitigation; usercopy/swapgs barriers and __user pointer sanitization
Vulnerability Spectre v2:             Mitigation; Enhanced / Automatic IBRS; IBPB conditional; STIBP always-on; RSB filling; PBRSB-eIBRS Not affected; BHI Not affected
Vulnerability Srbds:                  Not affected
Vulnerability Tsx async abort:        Not affected
perf version 6.11.11
perf_event_paranoid: 1
mtim     pts/0        2026-07-15 16:09 (2001:a61:13e3:a201:8c13:2fd:bbd7:c877)
huc      pts/8        2026-07-15 15:48 (2a09:80c0:ac18:dc00::1006)
herv     pts/15       2026-07-15 10:32 (194.113.41.252)
schm     pts/17       2026-07-04 13:42 (tmux(3908209).%0)
zhzhiy   pts/18       2026-07-01 00:08 (2a09:80c0:60::1165)
ocv      pts/10       2026-06-28 21:29 (tmux(8932).%0)
barl     pts/11       2026-07-15 13:55 (91.99.19.157)
vun      pts/12       2026-07-06 22:24 (tmux(1068139).%0)
ge59puj  pts/13       2026-06-26 16:07 (tmux(539515).%0)
zhzhiy   pts/23       2026-07-03 09:26 (2a09:80c0:60::1165)
huchs    pts/28       2026-07-01 00:10 (tmux(747039).%0)
huchs    pts/30       2026-07-01 00:14 (tmux(747039).%1)
zhzhiy   pts/34       2026-07-03 09:32 (2a09:80c0:60::1165)
schm     pts/21       2026-07-11 13:10 (tmux(3908209).%9)
shamr    pts/36       2026-07-14 10:20 (:30.0)
schm     pts/22       2026-07-09 13:01 (tmux(3908209).%5)
kiep     pts/40       2026-07-15 14:40 (2a01:599:901:3192:610b:b845:36b7:c070)
zhzhiy   pts/43       2026-06-30 17:00 (2a09:80c0:60::1165)
heyi     pts/44       2026-06-30 17:28 (tmux(1903278).%1)
huchs    pts/42       2026-07-02 01:02 (tmux(747039).%8)
aned     pts/47       2026-07-15 16:17 (2a09:80c0:192:0:48b0:60a1:4800:7ccf)
lchenp   pts/51       2026-07-09 19:24 (tmux(3734327).%0)
busseniu pts/45       2026-07-03 13:16 (2a09:80c0:42::1079)
huchs    pts/1        2026-07-01 09:57 (tmux(747039).%3)
schm     pts/56       2026-07-12 23:29 (tmux(3908209).%10)
grani    pts/63       2026-07-15 16:22 (2001:4ca0:e:2244:8948:f699:7f31:919e)
lzih     pts/65       2026-07-01 13:27 (tmux(1773778).%0)
huchs    pts/58       2026-07-13 17:56 (tmux(747039).%12)
heyi     pts/68       2026-07-05 15:34 (tmux(1903278).%3)
huchs    pts/72       2026-07-14 14:57 (tmux(747039).%13)
froem    pts/67       2026-07-15 16:26 (10.141.41.198)
glaz     pts/14       2026-07-15 14:13 (2a09:80c0:192:0:2896:176d:1d65:b1eb)
heyi     pts/66       2026-07-05 15:29 (tmux(1903278).%2)
huc      pts/59       2026-07-15 15:22 (2a09:80c0:ac18:dc00::100d)
bce      pts/60       2026-07-05 23:07 (tmux(3251396).%1)
 16:29:23 up 68 days, 15:19, 223 users,  load average: 41.19, 37.17, 35.21
git HEAD: cc04502450a310f76670a7e2e56316d2732c1bb2